22-08-2021 22:01:22.923 [main] INFO  com.demo.ELK.ElkApplication.logStarting - Starting ElkApplication using Java 13.0.1 on Vulcan with PID 18556 (D:\Git Projects\ELK Logs Monitoring\ELK\target\classes started by ApoorvTyagi in D:\Git Projects\ELK Logs Monitoring\ELK)
22-08-2021 22:01:22.927 [main] INFO  com.demo.ELK.ElkApplication.logStartupProfileInfo - No active profile set, falling back to default profiles: default
22-08-2021 22:01:25.233 [main] INFO  com.demo.ELK.ElkApplication.logStarted - Started ElkApplication in 2.868 seconds (JVM running for 11.729)
22-08-2021 22:02:50.498 [http-nio-8080-exec-3] INFO  c.demo.ELK.controller.ELKController.helloWorld - Inside Hello World Function
22-08-2021 22:02:50.501 [http-nio-8080-exec-3] INFO  c.demo.ELK.controller.ELKController.helloWorld - Response => Hello World! Sun Aug 22 22:02:50 IST 2021
22-08-2021 22:02:56.001 [http-nio-8080-exec-4] INFO  c.demo.ELK.controller.ELKController.foodDetails - Inside Food Detail Function
22-08-2021 22:02:56.002 [http-nio-8080-exec-4] INFO  com.demo.ELK.services.ELKService.getAllFoodDetails - Fetching ALL food details...
22-08-2021 22:06:53.971 [http-nio-8080-exec-10] INFO  c.demo.ELK.controller.ELKController.helloWorld - Inside Hello World Function
22-08-2021 22:06:53.972 [http-nio-8080-exec-10] INFO  c.demo.ELK.controller.ELKController.helloWorld - Response => Hello World! Sun Aug 22 22:06:53 IST 2021
22-08-2021 22:06:55.424 [http-nio-8080-exec-1] INFO  c.demo.ELK.controller.ELKController.foodDetails - Inside Food Detail Function
22-08-2021 22:06:55.425 [http-nio-8080-exec-1] INFO  com.demo.ELK.services.ELKService.getAllFoodDetails - Fetching ALL food details...
22-08-2021 22:37:54.599 [main] INFO  com.demo.ELK.ElkApplication.logStarting - Starting ElkApplication using Java 13.0.1 on Vulcan with PID 19788 (D:\Git Projects\ELK Logs Monitoring\ELK\target\classes started by ApoorvTyagi in D:\Git Projects\ELK Logs Monitoring\ELK)
22-08-2021 22:37:54.602 [main] INFO  com.demo.ELK.ElkApplication.logStartupProfileInfo - No active profile set, falling back to default profiles: default
22-08-2021 22:37:57.212 [main] INFO  com.demo.ELK.ElkApplication.logStarted - Started ElkApplication in 3.261 seconds (JVM running for 10.333)
22-08-2021 22:38:03.738 [http-nio-8080-exec-2] INFO  c.demo.ELK.controller.ELKController.foodDetails - Inside Food Detail Function
22-08-2021 22:38:03.741 [http-nio-8080-exec-2] INFO  com.demo.ELK.services.ELKService.getAllFoodDetails - Fetching ALL food details...
28-08-2021 20:31:11.103 [main] INFO  com.demo.ELK.ElkApplication.logStarting - Starting ElkApplication using Java 13.0.1 on Vulcan with PID 17332 (D:\Git Projects\ELK Logs Monitoring\ELK\target\classes started by ApoorvTyagi in D:\Git Projects\ELK Logs Monitoring\ELK)
28-08-2021 20:31:11.106 [main] INFO  com.demo.ELK.ElkApplication.logStartupProfileInfo - No active profile set, falling back to default profiles: default
28-08-2021 20:31:12.770 [main] INFO  com.demo.ELK.ElkApplication.logStarted - Started ElkApplication in 2.229 seconds (JVM running for 2.573)
28-08-2021 20:31:18.991 [http-nio-8080-exec-1] INFO  c.demo.ELK.controller.ELKController.foodDetails - Inside Food Detail Function
28-08-2021 20:31:18.993 [http-nio-8080-exec-1] INFO  com.demo.ELK.services.ELKService.getAllFoodDetails - Fetching ALL food details...
28-08-2021 20:31:18.998 [http-nio-8080-exec-1] ERROR com.demo.ELK.services.ELKService.getAllFoodDetails - Error occurred in reading JSON file
28-08-2021 20:33:16.244 [main] INFO  com.demo.ELK.ElkApplication.logStarting - Starting ElkApplication using Java 13.0.1 on Vulcan with PID 19592 (D:\Git Projects\ELK Logs Monitoring\ELK\target\classes started by ApoorvTyagi in D:\Git Projects\ELK Logs Monitoring\ELK)
28-08-2021 20:33:16.246 [main] INFO  com.demo.ELK.ElkApplication.logStartupProfileInfo - No active profile set, falling back to default profiles: default
28-08-2021 20:33:17.596 [main] INFO  com.demo.ELK.ElkApplication.logStarted - Started ElkApplication in 1.669 seconds (JVM running for 1.941)
28-08-2021 20:33:24.598 [http-nio-8080-exec-1] INFO  c.demo.ELK.controller.ELKController.foodDetails - Inside Food Detail Function
28-08-2021 20:33:24.600 [http-nio-8080-exec-1] INFO  com.demo.ELK.services.ELKService.getAllFoodDetails - Fetching ALL food details...
28-08-2021 20:34:29.997 [main] INFO  com.demo.ELK.ElkApplication.logStarting - Starting ElkApplication using Java 13.0.1 on Vulcan with PID 10512 (D:\Git Projects\ELK Logs Monitoring\ELK\target\classes started by ApoorvTyagi in D:\Git Projects\ELK Logs Monitoring\ELK)
28-08-2021 20:34:29.999 [main] INFO  com.demo.ELK.ElkApplication.logStartupProfileInfo - No active profile set, falling back to default profiles: default
28-08-2021 20:34:31.418 [main] INFO  com.demo.ELK.ElkApplication.logStarted - Started ElkApplication in 1.784 seconds (JVM running for 2.107)
28-08-2021 20:34:34.319 [http-nio-8080-exec-5] INFO  c.demo.ELK.controller.ELKController.foodDetails - Inside Food Detail Function
28-08-2021 20:34:34.320 [http-nio-8080-exec-5] INFO  com.demo.ELK.services.ELKService.getAllFoodDetails - Fetching ALL food details...
28-08-2021 20:36:29.351 [main] INFO  com.demo.ELK.ElkApplication.logStarting - Starting ElkApplication using Java 13.0.1 on Vulcan with PID 20776 (D:\Git Projects\ELK Logs Monitoring\ELK\target\classes started by ApoorvTyagi in D:\Git Projects\ELK Logs Monitoring\ELK)
28-08-2021 20:36:29.353 [main] INFO  com.demo.ELK.ElkApplication.logStartupProfileInfo - No active profile set, falling back to default profiles: default
28-08-2021 20:36:30.725 [main] INFO  com.demo.ELK.ElkApplication.logStarted - Started ElkApplication in 1.703 seconds (JVM running for 1.969)
28-08-2021 20:36:35.845 [http-nio-8080-exec-2] INFO  c.demo.ELK.controller.ELKController.foodDetails - Inside Food Detail Function
28-08-2021 20:36:35.847 [http-nio-8080-exec-2] INFO  com.demo.ELK.services.ELKService.getAllFoodDetails - Fetching ALL food details...
14-01-2022 20:27:34.050 [main] INFO  com.demo.ELK.ElkApplication.logStarting - Starting ElkApplication using Java 15.0.2 on DESKTOP-4SGEBHL with PID 11296 (F:\Udemy\GitRepo\Spring-ELK_Setup\Spring-ELK_Setup\target\classes started by 91979 in F:\Udemy\GitRepo\Spring-ELK_Setup\Spring-ELK_Setup)
14-01-2022 20:27:34.057 [main] INFO  com.demo.ELK.ElkApplication.logStartupProfileInfo - No active profile set, falling back to default profiles: default
14-01-2022 20:27:39.548 [main] INFO  com.demo.ELK.ElkApplication.logStarted - Started ElkApplication in 6.498 seconds (JVM running for 8.253)
14-01-2022 20:29:45.216 [http-nio-8080-exec-1] INFO  c.demo.ELK.controller.ELKController.helloWorld - Inside Hello World Function
14-01-2022 20:29:45.217 [http-nio-8080-exec-1] INFO  c.demo.ELK.controller.ELKController.helloWorld - Response => Hello World! Fri Jan 14 20:29:45 IST 2022
14-01-2022 20:29:48.130 [http-nio-8080-exec-3] INFO  c.demo.ELK.controller.ELKController.helloWorld - Inside Hello World Function
14-01-2022 20:29:48.130 [http-nio-8080-exec-3] INFO  c.demo.ELK.controller.ELKController.helloWorld - Response => Hello World! Fri Jan 14 20:29:48 IST 2022
14-01-2022 20:29:48.509 [http-nio-8080-exec-4] INFO  c.demo.ELK.controller.ELKController.helloWorld - Inside Hello World Function
14-01-2022 20:29:48.510 [http-nio-8080-exec-4] INFO  c.demo.ELK.controller.ELKController.helloWorld - Response => Hello World! Fri Jan 14 20:29:48 IST 2022
14-01-2022 20:29:48.959 [http-nio-8080-exec-5] INFO  c.demo.ELK.controller.ELKController.helloWorld - Inside Hello World Function
14-01-2022 20:29:48.960 [http-nio-8080-exec-5] INFO  c.demo.ELK.controller.ELKController.helloWorld - Response => Hello World! Fri Jan 14 20:29:48 IST 2022
14-01-2022 20:29:49.270 [http-nio-8080-exec-6] INFO  c.demo.ELK.controller.ELKController.helloWorld - Inside Hello World Function
14-01-2022 20:29:49.272 [http-nio-8080-exec-6] INFO  c.demo.ELK.controller.ELKController.helloWorld - Response => Hello World! Fri Jan 14 20:29:49 IST 2022
14-01-2022 20:29:49.601 [http-nio-8080-exec-7] INFO  c.demo.ELK.controller.ELKController.helloWorld - Inside Hello World Function
14-01-2022 20:29:49.602 [http-nio-8080-exec-7] INFO  c.demo.ELK.controller.ELKController.helloWorld - Response => Hello World! Fri Jan 14 20:29:49 IST 2022
14-01-2022 20:29:49.912 [http-nio-8080-exec-8] INFO  c.demo.ELK.controller.ELKController.helloWorld - Inside Hello World Function
14-01-2022 20:29:49.913 [http-nio-8080-exec-8] INFO  c.demo.ELK.controller.ELKController.helloWorld - Response => Hello World! Fri Jan 14 20:29:49 IST 2022
14-01-2022 20:29:50.244 [http-nio-8080-exec-9] INFO  c.demo.ELK.controller.ELKController.helloWorld - Inside Hello World Function
14-01-2022 20:29:50.245 [http-nio-8080-exec-9] INFO  c.demo.ELK.controller.ELKController.helloWorld - Response => Hello World! Fri Jan 14 20:29:50 IST 2022
14-01-2022 20:38:02.515 [http-nio-8080-exec-8] INFO  c.demo.ELK.controller.ELKController.foodDetails - Inside Food Detail Function
14-01-2022 20:38:02.516 [http-nio-8080-exec-8] INFO  com.demo.ELK.services.ELKService.getAllFoodDetails - Fetching ALL food details...
14-01-2022 20:38:08.822 [http-nio-8080-exec-9] INFO  c.demo.ELK.controller.ELKController.foodDetails - Inside Food Detail Function
14-01-2022 20:38:08.822 [http-nio-8080-exec-9] INFO  com.demo.ELK.services.ELKService.getAllFoodDetails - Fetching ALL food details...
14-01-2022 20:38:09.419 [http-nio-8080-exec-10] INFO  c.demo.ELK.controller.ELKController.foodDetails - Inside Food Detail Function
14-01-2022 20:38:09.419 [http-nio-8080-exec-10] INFO  com.demo.ELK.services.ELKService.getAllFoodDetails - Fetching ALL food details...
14-01-2022 20:38:09.849 [http-nio-8080-exec-1] INFO  c.demo.ELK.controller.ELKController.foodDetails - Inside Food Detail Function
14-01-2022 20:38:09.850 [http-nio-8080-exec-1] INFO  com.demo.ELK.services.ELKService.getAllFoodDetails - Fetching ALL food details...
14-01-2022 20:38:58.904 [http-nio-8080-exec-2] INFO  c.demo.ELK.controller.ELKController.foodDetails - Inside Food Detail Function
14-01-2022 20:38:58.905 [http-nio-8080-exec-2] INFO  com.demo.ELK.services.ELKService.getAllFoodDetails - Fetching ALL food details...
14-01-2022 20:38:59.967 [http-nio-8080-exec-3] INFO  c.demo.ELK.controller.ELKController.foodDetails - Inside Food Detail Function
14-01-2022 20:38:59.969 [http-nio-8080-exec-3] INFO  com.demo.ELK.services.ELKService.getAllFoodDetails - Fetching ALL food details...
14-01-2022 20:42:45.465 [http-nio-8080-exec-7] INFO  c.demo.ELK.controller.ELKController.foodDetails - Inside Food Detail Function
14-01-2022 20:42:45.466 [http-nio-8080-exec-7] INFO  com.demo.ELK.services.ELKService.getAllFoodDetails - Fetching ALL food details...
14-01-2022 20:42:48.769 [http-nio-8080-exec-8] INFO  c.demo.ELK.controller.ELKController.foodDetails - Inside Food Detail Function
14-01-2022 20:42:48.770 [http-nio-8080-exec-8] INFO  com.demo.ELK.services.ELKService.getAllFoodDetails - Fetching ALL food details...
14-01-2022 20:42:49.713 [http-nio-8080-exec-9] INFO  c.demo.ELK.controller.ELKController.foodDetails - Inside Food Detail Function
14-01-2022 20:42:49.714 [http-nio-8080-exec-9] INFO  com.demo.ELK.services.ELKService.getAllFoodDetails - Fetching ALL food details...
14-01-2022 20:48:26.575 [http-nio-8080-exec-2] INFO  c.demo.ELK.controller.ELKController.foodDetails - Inside Food Detail Function
14-01-2022 20:48:26.575 [http-nio-8080-exec-2] INFO  com.demo.ELK.services.ELKService.getAllFoodDetails - Fetching ALL food details...
14-01-2022 20:48:38.589 [http-nio-8080-exec-3] INFO  c.demo.ELK.controller.ELKController.foodDetails - Inside Food Detail Function
14-01-2022 20:48:38.596 [http-nio-8080-exec-3] INFO  com.demo.ELK.services.ELKService.getAllFoodDetails - Fetching ALL food details...
14-01-2022 20:48:41.774 [http-nio-8080-exec-4] INFO  c.demo.ELK.controller.ELKController.foodDetails - Inside Food Detail Function
14-01-2022 20:48:41.774 [http-nio-8080-exec-4] INFO  com.demo.ELK.services.ELKService.getAllFoodDetails - Fetching ALL food details...
14-01-2022 21:19:58.011 [http-nio-8080-exec-7] INFO  c.demo.ELK.controller.ELKController.foodDetails - Inside Food Detail Function
14-01-2022 21:19:58.012 [http-nio-8080-exec-7] INFO  com.demo.ELK.services.ELKService.getAllFoodDetails - Fetching ALL food details...
14-01-2022 21:19:58.484 [http-nio-8080-exec-8] INFO  c.demo.ELK.controller.ELKController.foodDetails - Inside Food Detail Function
14-01-2022 21:19:58.485 [http-nio-8080-exec-8] INFO  com.demo.ELK.services.ELKService.getAllFoodDetails - Fetching ALL food details...
14-01-2022 21:19:58.733 [http-nio-8080-exec-9] INFO  c.demo.ELK.controller.ELKController.foodDetails - Inside Food Detail Function
14-01-2022 21:19:58.733 [http-nio-8080-exec-9] INFO  com.demo.ELK.services.ELKService.getAllFoodDetails - Fetching ALL food details...
14-01-2022 21:19:59.161 [http-nio-8080-exec-10] INFO  c.demo.ELK.controller.ELKController.foodDetails - Inside Food Detail Function
14-01-2022 21:19:59.162 [http-nio-8080-exec-10] INFO  com.demo.ELK.services.ELKService.getAllFoodDetails - Fetching ALL food details...
14-01-2022 21:19:59.381 [http-nio-8080-exec-1] INFO  c.demo.ELK.controller.ELKController.foodDetails - Inside Food Detail Function
14-01-2022 21:19:59.381 [http-nio-8080-exec-1] INFO  com.demo.ELK.services.ELKService.getAllFoodDetails - Fetching ALL food details...
14-01-2022 21:19:59.774 [http-nio-8080-exec-2] INFO  c.demo.ELK.controller.ELKController.foodDetails - Inside Food Detail Function
14-01-2022 21:19:59.776 [http-nio-8080-exec-2] INFO  com.demo.ELK.services.ELKService.getAllFoodDetails - Fetching ALL food details...
14-01-2022 21:20:00.148 [http-nio-8080-exec-3] INFO  c.demo.ELK.controller.ELKController.foodDetails - Inside Food Detail Function
14-01-2022 21:20:00.148 [http-nio-8080-exec-3] INFO  com.demo.ELK.services.ELKService.getAllFoodDetails - Fetching ALL food details...
14-01-2022 21:20:00.506 [http-nio-8080-exec-4] INFO  c.demo.ELK.controller.ELKController.foodDetails - Inside Food Detail Function
14-01-2022 21:20:00.507 [http-nio-8080-exec-4] INFO  com.demo.ELK.services.ELKService.getAllFoodDetails - Fetching ALL food details...
14-01-2022 21:48:49.439 [http-nio-8080-exec-7] INFO  c.demo.ELK.controller.ELKController.foodDetails - Inside Food Detail Function
14-01-2022 21:48:49.441 [http-nio-8080-exec-7] INFO  com.demo.ELK.services.ELKService.getAllFoodDetails - Fetching ALL food details...
14-01-2022 21:48:50.619 [http-nio-8080-exec-8] INFO  c.demo.ELK.controller.ELKController.foodDetails - Inside Food Detail Function
14-01-2022 21:48:50.619 [http-nio-8080-exec-8] INFO  com.demo.ELK.services.ELKService.getAllFoodDetails - Fetching ALL food details...
14-01-2022 21:48:51.200 [http-nio-8080-exec-9] INFO  c.demo.ELK.controller.ELKController.foodDetails - Inside Food Detail Function
14-01-2022 21:48:51.201 [http-nio-8080-exec-9] INFO  com.demo.ELK.services.ELKService.getAllFoodDetails - Fetching ALL food details...
14-01-2022 21:48:55.136 [http-nio-8080-exec-10] INFO  c.demo.ELK.controller.ELKController.foodDetails - Inside Food Detail Function
14-01-2022 21:48:55.137 [http-nio-8080-exec-10] INFO  com.demo.ELK.services.ELKService.getAllFoodDetails - Fetching ALL food details...
14-01-2022 21:48:56.093 [http-nio-8080-exec-1] INFO  c.demo.ELK.controller.ELKController.foodDetails - Inside Food Detail Function
14-01-2022 21:48:56.095 [http-nio-8080-exec-1] INFO  com.demo.ELK.services.ELKService.getAllFoodDetails - Fetching ALL food details...
14-01-2022 21:48:56.859 [http-nio-8080-exec-2] INFO  c.demo.ELK.controller.ELKController.foodDetails - Inside Food Detail Function
14-01-2022 21:48:56.860 [http-nio-8080-exec-2] INFO  com.demo.ELK.services.ELKService.getAllFoodDetails - Fetching ALL food details...
14-01-2022 21:48:57.607 [http-nio-8080-exec-3] INFO  c.demo.ELK.controller.ELKController.foodDetails - Inside Food Detail Function
14-01-2022 21:48:57.608 [http-nio-8080-exec-3] INFO  com.demo.ELK.services.ELKService.getAllFoodDetails - Fetching ALL food details...
14-01-2022 21:48:58.248 [http-nio-8080-exec-4] INFO  c.demo.ELK.controller.ELKController.foodDetails - Inside Food Detail Function
14-01-2022 21:48:58.248 [http-nio-8080-exec-4] INFO  com.demo.ELK.services.ELKService.getAllFoodDetails - Fetching ALL food details...
14-01-2022 21:48:59.048 [http-nio-8080-exec-5] INFO  c.demo.ELK.controller.ELKController.foodDetails - Inside Food Detail Function
14-01-2022 21:48:59.049 [http-nio-8080-exec-5] INFO  com.demo.ELK.services.ELKService.getAllFoodDetails - Fetching ALL food details...
14-01-2022 21:54:25.453 [http-nio-8080-exec-8] INFO  c.demo.ELK.controller.ELKController.foodDetails - Inside Food Detail Function
14-01-2022 21:54:25.453 [http-nio-8080-exec-8] INFO  com.demo.ELK.services.ELKService.getAllFoodDetails - Fetching ALL food details...
